0 info it worked if it ends with ok
1 verbose cli [ 'c:\\Program Files\\nodejs\\node.exe',
1 verbose cli   'c:\\Program Files\\nodejs\\node_modules\\npm\\bin\\npm-cli.js',
1 verbose cli   'install',
1 verbose cli   'eslint',
1 verbose cli   'task3.js' ]
2 info using npm@1.4.21
3 info using node@v0.10.30
4 verbose cache add [ 'eslint', null ]
5 verbose cache add name=undefined spec="eslint" args=["eslint",null]
6 verbose parsed url { protocol: null,
6 verbose parsed url   slashes: null,
6 verbose parsed url   auth: null,
6 verbose parsed url   host: null,
6 verbose parsed url   port: null,
6 verbose parsed url   hostname: null,
6 verbose parsed url   hash: null,
6 verbose parsed url   search: null,
6 verbose parsed url   query: null,
6 verbose parsed url   pathname: 'eslint',
6 verbose parsed url   path: 'eslint',
6 verbose parsed url   href: 'eslint' }
7 verbose cache add [ 'task3.js', null ]
8 verbose cache add name=undefined spec="task3.js" args=["task3.js",null]
9 verbose parsed url { protocol: null,
9 verbose parsed url   slashes: null,
9 verbose parsed url   auth: null,
9 verbose parsed url   host: null,
9 verbose parsed url   port: null,
9 verbose parsed url   hostname: null,
9 verbose parsed url   hash: null,
9 verbose parsed url   search: null,
9 verbose parsed url   query: null,
9 verbose parsed url   pathname: 'task3.js',
9 verbose parsed url   path: 'task3.js',
9 verbose parsed url   href: 'task3.js' }
10 silly lockFile e0b0b266-eslint eslint
11 verbose lock eslint C:\Users\raafaelk\AppData\Roaming\npm-cache\e0b0b266-eslint.lock
12 silly lockFile f39a6c01-task3-js task3.js
13 verbose lock task3.js C:\Users\raafaelk\AppData\Roaming\npm-cache\f39a6c01-task3-js.lock
14 silly lockFile e0b0b266-eslint eslint
15 silly lockFile e0b0b266-eslint eslint
16 verbose addNamed [ 'eslint', '' ]
17 verbose addNamed [ null, '*' ]
18 silly lockFile 62e46387-eslint eslint@
19 verbose lock eslint@ C:\Users\raafaelk\AppData\Roaming\npm-cache\62e46387-eslint.lock
20 silly addNameRange { name: 'eslint', range: '*', hasData: false }
21 verbose request where is /eslint
22 verbose request registry https://registry.npmjs.org/
23 verbose request id 2f0cc8e2fc1cd56b
24 verbose url raw /eslint
25 verbose url resolving [ 'https://registry.npmjs.org/', './eslint' ]
26 verbose url resolved https://registry.npmjs.org/eslint
27 verbose request where is https://registry.npmjs.org/eslint
28 info trying registry request attempt 1 at 17:39:40
29 verbose etag "A68UBPA90T3J6LOMQNHHOG2E8"
30 http GET https://registry.npmjs.org/eslint
31 verbose chmod C:\Users\raafaelk\AppData\Local\Temp\npm-3464-QhuIpncC\1410878380368-0.3857366950251162\tmp.tgz 666
32 verbose tar unpack C:\Users\raafaelk\AppData\Local\Temp\npm-3464-QhuIpncC\1410878380368-0.3857366950251162\tmp.tgz
33 silly lockFile c96aa043--3857366950251162-tmp-tgz-unpack tar://C:\Users\raafaelk\AppData\Local\Temp\npm-3464-QhuIpncC\1410878380368-0.3857366950251162\tmp.tgz-unpack
34 verbose lock tar://C:\Users\raafaelk\AppData\Local\Temp\npm-3464-QhuIpncC\1410878380368-0.3857366950251162\tmp.tgz-unpack C:\Users\raafaelk\AppData\Roaming\npm-cache\c96aa043--3857366950251162-tmp-tgz-unpack.lock
35 silly lockFile 8cec501f-80368-0-3857366950251162-tmp-tgz tar://C:\Users\raafaelk\AppData\Local\Temp\npm-3464-QhuIpncC\1410878380368-0.3857366950251162\tmp.tgz
36 verbose lock tar://C:\Users\raafaelk\AppData\Local\Temp\npm-3464-QhuIpncC\1410878380368-0.3857366950251162\tmp.tgz C:\Users\raafaelk\AppData\Roaming\npm-cache\8cec501f-80368-0-3857366950251162-tmp-tgz.lock
37 silly gunzTarPerm modes [ '777', '666' ]
38 error not a package C:\Users\raafaelk\AppData\Local\Temp\npm-3464-QhuIpncC\1410878380368-0.3857366950251162\tmp.tgz
39 silly lockFile c96aa043--3857366950251162-tmp-tgz-unpack tar://C:\Users\raafaelk\AppData\Local\Temp\npm-3464-QhuIpncC\1410878380368-0.3857366950251162\tmp.tgz-unpack
40 silly lockFile c96aa043--3857366950251162-tmp-tgz-unpack tar://C:\Users\raafaelk\AppData\Local\Temp\npm-3464-QhuIpncC\1410878380368-0.3857366950251162\tmp.tgz-unpack
41 silly lockFile 8cec501f-80368-0-3857366950251162-tmp-tgz tar://C:\Users\raafaelk\AppData\Local\Temp\npm-3464-QhuIpncC\1410878380368-0.3857366950251162\tmp.tgz
42 silly lockFile 8cec501f-80368-0-3857366950251162-tmp-tgz tar://C:\Users\raafaelk\AppData\Local\Temp\npm-3464-QhuIpncC\1410878380368-0.3857366950251162\tmp.tgz
43 silly lockFile f39a6c01-task3-js task3.js
44 silly lockFile f39a6c01-task3-js task3.js
45 verbose addNamed [ 'task3.js', '' ]
46 verbose addNamed [ null, '*' ]
47 silly lockFile bcdaf51e-task3-js task3.js@
48 verbose lock task3.js@ C:\Users\raafaelk\AppData\Roaming\npm-cache\bcdaf51e-task3-js.lock
49 silly addNameRange { name: 'task3.js', range: '*', hasData: false }
50 verbose request where is /task3.js
51 verbose request registry https://registry.npmjs.org/
52 verbose url raw /task3.js
53 verbose url resolving [ 'https://registry.npmjs.org/', './task3.js' ]
54 verbose url resolved https://registry.npmjs.org/task3.js
55 verbose request where is https://registry.npmjs.org/task3.js
56 info trying registry request attempt 1 at 17:39:40
57 http GET https://registry.npmjs.org/task3.js
58 http 304 https://registry.npmjs.org/eslint
59 silly registry.get cb [ 304,
59 silly registry.get   { date: 'Tue, 16 Sep 2014 14:39:40 GMT',
59 silly registry.get     server: 'Apache',
59 silly registry.get     via: '1.1 varnish',
59 silly registry.get     'last-modified': 'Tue, 16 Sep 2014 14:38:53 GMT',
59 silly registry.get     'cache-control': 'max-age=60',
59 silly registry.get     etag: '"A68UBPA90T3J6LOMQNHHOG2E8"',
59 silly registry.get     'x-served-by': 'cache-fra1225-FRA',
59 silly registry.get     'x-cache': 'HIT',
59 silly registry.get     'x-cache-hits': '2',
59 silly registry.get     'x-timer': 'S1410878380.658930,VS0,VE0',
59 silly registry.get     vary: 'Accept',
59 silly registry.get     'content-length': '0',
59 silly registry.get     'keep-alive': 'timeout=10, max=50',
59 silly registry.get     connection: 'Keep-Alive' } ]
60 verbose etag https://registry.npmjs.org/eslint from cache
61 silly addNameRange number 2 { name: 'eslint', range: '*', hasData: true }
62 silly addNameRange versions [ 'eslint',
62 silly addNameRange   [ '0.0.4',
62 silly addNameRange     '0.0.5',
62 silly addNameRange     '0.0.6',
62 silly addNameRange     '0.0.7',
62 silly addNameRange     '0.1.0-dev',
62 silly addNameRange     '0.1.0',
62 silly addNameRange     '0.1.1',
62 silly addNameRange     '0.1.2',
62 silly addNameRange     '0.1.3',
62 silly addNameRange     '0.1.4',
62 silly addNameRange     '0.2.0',
62 silly addNameRange     '0.3.0',
62 silly addNameRange     '0.4.0',
62 silly addNameRange     '0.4.1',
62 silly addNameRange     '0.4.2',
62 silly addNameRange     '0.4.3',
62 silly addNameRange     '0.4.4',
62 silly addNameRange     '0.4.5',
62 silly addNameRange     '0.5.0',
62 silly addNameRange     '0.5.1',
62 silly addNameRange     '0.6.0',
62 silly addNameRange     '0.6.1',
62 silly addNameRange     '0.6.2',
62 silly addNameRange     '0.7.1',
62 silly addNameRange     '0.7.2',
62 silly addNameRange     '0.7.3',
62 silly addNameRange     '0.7.4',
62 silly addNameRange     '0.8.0',
62 silly addNameRange     '0.8.1' ] ]
63 verbose addNamed [ 'eslint', '0.8.1' ]
64 verbose addNamed [ '0.8.1', '0.8.1' ]
65 silly lockFile ff01e631-eslint-0-8-1 eslint@0.8.1
66 verbose lock eslint@0.8.1 C:\Users\raafaelk\AppData\Roaming\npm-cache\ff01e631-eslint-0-8-1.lock
67 silly lockFile ff01e631-eslint-0-8-1 eslint@0.8.1
68 silly lockFile ff01e631-eslint-0-8-1 eslint@0.8.1
69 silly lockFile 62e46387-eslint eslint@
70 silly lockFile 62e46387-eslint eslint@
71 http 404 https://registry.npmjs.org/task3.js
72 verbose headers { date: 'Tue, 16 Sep 2014 14:39:40 GMT',
72 verbose headers   server: 'CouchDB/1.5.0 (Erlang OTP/R16B03)',
72 verbose headers   'content-type': 'application/json',
72 verbose headers   'cache-control': 'max-age=0',
72 verbose headers   'content-length': '52',
72 verbose headers   'accept-ranges': 'bytes',
72 verbose headers   via: '1.1 varnish',
72 verbose headers   age: '0',
72 verbose headers   'x-served-by': 'cache-fra1226-FRA',
72 verbose headers   'x-cache': 'MISS',
72 verbose headers   'x-cache-hits': '0',
72 verbose headers   'x-timer': 'S1410878380.654179,VS0,VE105',
72 verbose headers   'keep-alive': 'timeout=10, max=50',
72 verbose headers   connection: 'Keep-Alive' }
73 silly registry.get cb [ 404,
73 silly registry.get   { date: 'Tue, 16 Sep 2014 14:39:40 GMT',
73 silly registry.get     server: 'CouchDB/1.5.0 (Erlang OTP/R16B03)',
73 silly registry.get     'content-type': 'application/json',
73 silly registry.get     'cache-control': 'max-age=0',
73 silly registry.get     'content-length': '52',
73 silly registry.get     'accept-ranges': 'bytes',
73 silly registry.get     via: '1.1 varnish',
73 silly registry.get     age: '0',
73 silly registry.get     'x-served-by': 'cache-fra1226-FRA',
73 silly registry.get     'x-cache': 'MISS',
73 silly registry.get     'x-cache-hits': '0',
73 silly registry.get     'x-timer': 'S1410878380.654179,VS0,VE105',
73 silly registry.get     'keep-alive': 'timeout=10, max=50',
73 silly registry.get     connection: 'Keep-Alive' } ]
74 silly lockFile bcdaf51e-task3-js task3.js@
75 silly lockFile bcdaf51e-task3-js task3.js@
76 error 404 404 Not Found: task3.js
76 error 404
76 error 404 'task3.js' is not in the npm registry.
76 error 404 You should bug the author to publish it
76 error 404
76 error 404 Maybe try 'npm search task3'
76 error 404
76 error 404 Note that you can also install from a
76 error 404 tarball, folder, or http url, or git url.
77 error System Windows_NT 6.1.7601
78 error command "c:\\Program Files\\nodejs\\node.exe" "c:\\Program Files\\nodejs\\node_modules\\npm\\bin\\npm-cli.js" "install" "eslint" "task3.js"
79 error cwd z:\node_js\hello-node.js
80 error node -v v0.10.30
81 error npm -v 1.4.21
82 error code E404
83 verbose exit [ 1, true ]
